<?xml version="1.0" encoding="UTF-8"?>
<robot generator="Robot 6.1.1 (Python 3.12.3 on darwin)" generated="20241116 18:10:28.032" rpa="false" schemaversion="4">
<suite id="s1" name="Register" source="/Users/jassemerivirta/Dropbox/Mac/Documents/ohtu/palautusrepositorio/viikko3/web-login/src/tests/register.robot">
<kw name="Open And Configure Browser" library="resource" type="SETUP">
<if>
<branch type="IF" condition="$BROWSER == 'chrome'">
<kw name="Evaluate" library="BuiltIn">
<var>${options}</var>
<arg>sys.modules['selenium.webdriver'].ChromeOptions()</arg>
<arg>sys</arg>
<doc>Evaluates the given expression in Python and returns the result.</doc>
<status status="NOT RUN" starttime="20241116 18:10:28.109" endtime="20241116 18:10:28.109"/>
</kw>
<status status="NOT RUN" starttime="20241116 18:10:28.109" endtime="20241116 18:10:28.109"/>
</branch>
<branch type="ELSE IF" condition="$BROWSER == 'firefox'">
<kw name="Evaluate" library="BuiltIn">
<var>${options}</var>
<arg>sys.modules['selenium.webdriver'].FirefoxOptions()</arg>
<arg>sys</arg>
<doc>Evaluates the given expression in Python and returns the result.</doc>
<msg timestamp="20241116 18:10:28.109" level="INFO">${options} = &lt;selenium.webdriver.firefox.options.Options object at 0x1069bd6d0&gt;</msg>
<status status="PASS" starttime="20241116 18:10:28.109" endtime="20241116 18:10:28.109"/>
</kw>
<status status="PASS" starttime="20241116 18:10:28.109" endtime="20241116 18:10:28.109"/>
</branch>
<status status="PASS" starttime="20241116 18:10:28.109" endtime="20241116 18:10:28.109"/>
</if>
<if>
<branch type="IF" condition="$HEADLESS == 'true'">
<kw name="Set Selenium Speed" library="SeleniumLibrary">
<arg>0</arg>
<doc>Sets the delay that is waited after each Selenium command.</doc>
<status status="NOT RUN" starttime="20241116 18:10:28.109" endtime="20241116 18:10:28.109"/>
</kw>
<kw name="Call Method" library="BuiltIn">
<arg>${options}</arg>
<arg>add_argument</arg>
<arg>--headless</arg>
<doc>Calls the named method of the given object with the provided arguments.</doc>
<status status="NOT RUN" starttime="20241116 18:10:28.109" endtime="20241116 18:10:28.109"/>
</kw>
<status status="NOT RUN" starttime="20241116 18:10:28.109" endtime="20241116 18:10:28.109"/>
</branch>
<branch type="ELSE">
<kw name="Set Selenium Speed" library="SeleniumLibrary">
<arg>${DELAY}</arg>
<doc>Sets the delay that is waited after each Selenium command.</doc>
<status status="PASS" starttime="20241116 18:10:28.109" endtime="20241116 18:10:28.109"/>
</kw>
<status status="PASS" starttime="20241116 18:10:28.109" endtime="20241116 18:10:28.109"/>
</branch>
<status status="PASS" starttime="20241116 18:10:28.109" endtime="20241116 18:10:28.109"/>
</if>
<kw name="Open Browser" library="SeleniumLibrary">
<arg>browser=${BROWSER}</arg>
<arg>options=${options}</arg>
<doc>Opens a new browser instance to the optional ``url``.</doc>
<msg timestamp="20241116 18:10:28.109" level="INFO">Opening browser 'firefox' to base url 'None'.</msg>
<status status="PASS" starttime="20241116 18:10:28.109" endtime="20241116 18:10:29.364"/>
</kw>
<status status="PASS" starttime="20241116 18:10:28.109" endtime="20241116 18:10:29.364"/>
</kw>
<test id="s1-t1" name="Register With Too Short Username And Valid Password" line="16">
<kw name="Reset Application And Go To Register Page" type="SETUP">
<kw name="Reset Application" library="AppLibrary">
<status status="PASS" starttime="20241116 18:10:29.365" endtime="20241116 18:10:29.371"/>
</kw>
<kw name="Go To Register Page" library="resource">
<kw name="Go To" library="SeleniumLibrary">
<arg>${REGISTER_URL}</arg>
<doc>Navigates the current browser window to the provided ``url``.</doc>
<msg timestamp="20241116 18:10:29.372" level="INFO">Opening url 'http://localhost:5001/register'</msg>
<status status="PASS" starttime="20241116 18:10:29.372" endtime="20241116 18:10:29.995"/>
</kw>
<status status="PASS" starttime="20241116 18:10:29.371" endtime="20241116 18:10:29.995"/>
</kw>
<status status="PASS" starttime="20241116 18:10:29.365" endtime="20241116 18:10:29.995"/>
</kw>
<kw name="Set Username">
<arg>ka</arg>
<kw name="Input Text" library="SeleniumLibrary">
<arg>username</arg>
<arg>${username}</arg>
<doc>Types the given ``text`` into the text field identified by ``locator``.</doc>
<msg timestamp="20241116 18:10:29.996" level="INFO">Typing text 'ka' into text field 'username'.</msg>
<status status="PASS" starttime="20241116 18:10:29.996" endtime="20241116 18:10:31.569"/>
</kw>
<status status="PASS" starttime="20241116 18:10:29.996" endtime="20241116 18:10:31.569"/>
</kw>
<kw name="Set Password">
<arg>kalle234</arg>
<kw name="Input Password" library="SeleniumLibrary">
<arg>password</arg>
<arg>${password}</arg>
<doc>Types the given password into the text field identified by ``locator``.</doc>
<msg timestamp="20241116 18:10:31.572" level="INFO">Typing password into text field 'password'.</msg>
<msg timestamp="20241116 18:10:32.596" level="INFO">Temporally setting log level to: NONE</msg>
<msg timestamp="20241116 18:10:33.114" level="INFO">Log level changed from NONE to INFO.</msg>
<status status="PASS" starttime="20241116 18:10:31.571" endtime="20241116 18:10:33.114"/>
</kw>
<status status="PASS" starttime="20241116 18:10:31.570" endtime="20241116 18:10:33.114"/>
</kw>
<kw name="Set Password Confirmation">
<arg>kalle234</arg>
<kw name="Input Password" library="SeleniumLibrary">
<arg>password_confirmation</arg>
<arg>${password}</arg>
<doc>Types the given password into the text field identified by ``locator``.</doc>
<msg timestamp="20241116 18:10:33.118" level="INFO">Typing password into text field 'password_confirmation'.</msg>
<msg timestamp="20241116 18:10:34.139" level="INFO">Temporally setting log level to: NONE</msg>
<msg timestamp="20241116 18:10:34.671" level="INFO">Log level changed from NONE to INFO.</msg>
<status status="PASS" starttime="20241116 18:10:33.116" endtime="20241116 18:10:34.671"/>
</kw>
<status status="PASS" starttime="20241116 18:10:33.115" endtime="20241116 18:10:34.672"/>
</kw>
<kw name="Submit New User">
<kw name="Click Button" library="SeleniumLibrary">
<arg>Register</arg>
<doc>Clicks the button identified by ``locator``.</doc>
<msg timestamp="20241116 18:10:34.675" level="INFO">Clicking button 'Register'.</msg>
<status status="PASS" starttime="20241116 18:10:34.674" endtime="20241116 18:10:36.744"/>
</kw>
<status status="PASS" starttime="20241116 18:10:34.673" endtime="20241116 18:10:36.744"/>
</kw>
<kw name="Register Should Fail With Message">
<arg>Username too short</arg>
<kw name="Register Page Should Be Open" library="resource">
<kw name="Title Should Be" library="SeleniumLibrary">
<arg>Register</arg>
<doc>Verifies that the current page title equals ``title``.</doc>
<msg timestamp="20241116 18:10:37.247" level="INFO">Page title is 'Register'.</msg>
<status status="PASS" starttime="20241116 18:10:36.744" endtime="20241116 18:10:37.247"/>
</kw>
<status status="PASS" starttime="20241116 18:10:36.744" endtime="20241116 18:10:37.247"/>
</kw>
<kw name="Page Should Contain" library="SeleniumLibrary">
<arg>${message}</arg>
<doc>Verifies that current page contains ``text``.</doc>
<msg timestamp="20241116 18:10:38.269" level="INFO">Current page contains text 'Username too short'.</msg>
<status status="PASS" starttime="20241116 18:10:37.247" endtime="20241116 18:10:38.269"/>
</kw>
<status status="PASS" starttime="20241116 18:10:36.744" endtime="20241116 18:10:38.270"/>
</kw>
<status status="PASS" starttime="20241116 18:10:29.364" endtime="20241116 18:10:38.270"/>
</test>
<kw name="Close Browser" library="SeleniumLibrary" type="TEARDOWN">
<doc>Closes the current browser.</doc>
<status status="PASS" starttime="20241116 18:10:38.275" endtime="20241116 18:10:39.190"/>
</kw>
<status status="PASS" starttime="20241116 18:10:28.032" endtime="20241116 18:10:39.190"/>
</suite>
<statistics>
<total>
<stat pass="1" fail="0" skip="0">All Tests</stat>
</total>
<tag>
</tag>
<suite>
<stat pass="1" fail="0" skip="0" id="s1" name="Register">Register</stat>
</suite>
</statistics>
<errors>
</errors>
</robot>
