<?xml version="1.0" encoding="UTF-8"?>
<robot generator="Robot 6.1.1 (Python 3.12.3 on darwin)" generated="20241116 15:51:45.192" rpa="false" schemaversion="4">
<suite id="s1" name="Tests" source="/Users/jassemerivirta/Dropbox/Mac/Documents/ohtu/palautusrepositorio/viikko3/web-login/src/tests">
<suite id="s1-s1" name="Home" source="/Users/jassemerivirta/Dropbox/Mac/Documents/ohtu/palautusrepositorio/viikko3/web-login/src/tests/home.robot">
<kw name="Open And Configure Browser" library="resource" type="SETUP">
<if>
<branch type="IF" condition="$BROWSER == 'chrome'">
<kw name="Evaluate" library="BuiltIn">
<var>${options}</var>
<arg>sys.modules['selenium.webdriver'].ChromeOptions()</arg>
<arg>sys</arg>
<doc>Evaluates the given expression in Python and returns the result.</doc>
<status status="NOT RUN" starttime="20241116 15:51:45.272" endtime="20241116 15:51:45.272"/>
</kw>
<status status="NOT RUN" starttime="20241116 15:51:45.272" endtime="20241116 15:51:45.272"/>
</branch>
<branch type="ELSE IF" condition="$BROWSER == 'firefox'">
<kw name="Evaluate" library="BuiltIn">
<var>${options}</var>
<arg>sys.modules['selenium.webdriver'].FirefoxOptions()</arg>
<arg>sys</arg>
<doc>Evaluates the given expression in Python and returns the result.</doc>
<msg timestamp="20241116 15:51:45.272" level="INFO">${options} = &lt;selenium.webdriver.firefox.options.Options object at 0x1068a4950&gt;</msg>
<status status="PASS" starttime="20241116 15:51:45.272" endtime="20241116 15:51:45.272"/>
</kw>
<status status="PASS" starttime="20241116 15:51:45.272" endtime="20241116 15:51:45.272"/>
</branch>
<status status="PASS" starttime="20241116 15:51:45.272" endtime="20241116 15:51:45.272"/>
</if>
<if>
<branch type="IF" condition="$HEADLESS == 'true'">
<kw name="Set Selenium Speed" library="SeleniumLibrary">
<arg>0</arg>
<doc>Sets the delay that is waited after each Selenium command.</doc>
<status status="NOT RUN" starttime="20241116 15:51:45.272" endtime="20241116 15:51:45.272"/>
</kw>
<kw name="Call Method" library="BuiltIn">
<arg>${options}</arg>
<arg>add_argument</arg>
<arg>--headless</arg>
<doc>Calls the named method of the given object with the provided arguments.</doc>
<status status="NOT RUN" starttime="20241116 15:51:45.272" endtime="20241116 15:51:45.272"/>
</kw>
<status status="NOT RUN" starttime="20241116 15:51:45.272" endtime="20241116 15:51:45.272"/>
</branch>
<branch type="ELSE">
<kw name="Set Selenium Speed" library="SeleniumLibrary">
<arg>${DELAY}</arg>
<doc>Sets the delay that is waited after each Selenium command.</doc>
<status status="PASS" starttime="20241116 15:51:45.272" endtime="20241116 15:51:45.272"/>
</kw>
<status status="PASS" starttime="20241116 15:51:45.272" endtime="20241116 15:51:45.272"/>
</branch>
<status status="PASS" starttime="20241116 15:51:45.272" endtime="20241116 15:51:45.272"/>
</if>
<kw name="Open Browser" library="SeleniumLibrary">
<arg>browser=${BROWSER}</arg>
<arg>options=${options}</arg>
<doc>Opens a new browser instance to the optional ``url``.</doc>
<msg timestamp="20241116 15:51:45.272" level="INFO">Opening browser 'firefox' to base url 'None'.</msg>
<status status="PASS" starttime="20241116 15:51:45.272" endtime="20241116 15:51:46.535"/>
</kw>
<status status="PASS" starttime="20241116 15:51:45.272" endtime="20241116 15:51:46.535"/>
</kw>
<test id="s1-s1-t1" name="Click Login Link" line="8">
<kw name="Reset Application And Go To Starting Page" type="SETUP">
<kw name="Reset Application" library="AppLibrary">
<status status="PASS" starttime="20241116 15:51:46.536" endtime="20241116 15:51:46.550"/>
</kw>
<kw name="Go To Starting Page" library="resource">
<kw name="Go To" library="SeleniumLibrary">
<arg>${HOME_URL}</arg>
<doc>Navigates the current browser window to the provided ``url``.</doc>
<msg timestamp="20241116 15:51:46.550" level="INFO">Opening url 'http://localhost:5001'</msg>
<status status="PASS" starttime="20241116 15:51:46.550" endtime="20241116 15:51:47.193"/>
</kw>
<status status="PASS" starttime="20241116 15:51:46.550" endtime="20241116 15:51:47.193"/>
</kw>
<status status="PASS" starttime="20241116 15:51:46.536" endtime="20241116 15:51:47.193"/>
</kw>
<kw name="Click Link" library="SeleniumLibrary">
<arg>Login</arg>
<doc>Clicks a link identified by ``locator``.</doc>
<msg timestamp="20241116 15:51:47.194" level="INFO">Clicking link 'Login'.</msg>
<status status="PASS" starttime="20241116 15:51:47.193" endtime="20241116 15:51:48.762"/>
</kw>
<kw name="Login Page Should Be Open" library="resource">
<kw name="Title Should Be" library="SeleniumLibrary">
<arg>Login</arg>
<doc>Verifies that the current page title equals ``title``.</doc>
<msg timestamp="20241116 15:51:49.270" level="INFO">Page title is 'Login'.</msg>
<status status="PASS" starttime="20241116 15:51:48.762" endtime="20241116 15:51:49.271"/>
</kw>
<status status="PASS" starttime="20241116 15:51:48.762" endtime="20241116 15:51:49.271"/>
</kw>
<status status="PASS" starttime="20241116 15:51:46.535" endtime="20241116 15:51:49.272"/>
</test>
<test id="s1-s1-t2" name="Click Register Link" line="12">
<kw name="Reset Application And Go To Starting Page" type="SETUP">
<kw name="Reset Application" library="AppLibrary">
<status status="PASS" starttime="20241116 15:51:49.275" endtime="20241116 15:51:49.281"/>
</kw>
<kw name="Go To Starting Page" library="resource">
<kw name="Go To" library="SeleniumLibrary">
<arg>${HOME_URL}</arg>
<doc>Navigates the current browser window to the provided ``url``.</doc>
<msg timestamp="20241116 15:51:49.282" level="INFO">Opening url 'http://localhost:5001'</msg>
<status status="PASS" starttime="20241116 15:51:49.282" endtime="20241116 15:51:49.812"/>
</kw>
<status status="PASS" starttime="20241116 15:51:49.281" endtime="20241116 15:51:49.812"/>
</kw>
<status status="PASS" starttime="20241116 15:51:49.274" endtime="20241116 15:51:49.812"/>
</kw>
<kw name="Click Link" library="SeleniumLibrary">
<arg>Register new user</arg>
<doc>Clicks a link identified by ``locator``.</doc>
<msg timestamp="20241116 15:51:49.813" level="INFO">Clicking link 'Register new user'.</msg>
<status status="PASS" starttime="20241116 15:51:49.812" endtime="20241116 15:51:51.373"/>
</kw>
<kw name="Register Page Should Be Open" library="resource">
<kw name="Title Should Be" library="SeleniumLibrary">
<arg>Register</arg>
<doc>Verifies that the current page title equals ``title``.</doc>
<msg timestamp="20241116 15:51:51.881" level="INFO">Page title is 'Register'.</msg>
<status status="PASS" starttime="20241116 15:51:51.374" endtime="20241116 15:51:51.881"/>
</kw>
<status status="PASS" starttime="20241116 15:51:51.374" endtime="20241116 15:51:51.881"/>
</kw>
<status status="PASS" starttime="20241116 15:51:49.273" endtime="20241116 15:51:51.882"/>
</test>
<kw name="Close Browser" library="SeleniumLibrary" type="TEARDOWN">
<doc>Closes the current browser.</doc>
<status status="PASS" starttime="20241116 15:51:51.886" endtime="20241116 15:51:52.805"/>
</kw>
<status status="PASS" starttime="20241116 15:51:45.203" endtime="20241116 15:51:52.805"/>
</suite>
<suite id="s1-s2" name="Login" source="/Users/jassemerivirta/Dropbox/Mac/Documents/ohtu/palautusrepositorio/viikko3/web-login/src/tests/login.robot">
<kw name="Open And Configure Browser" library="resource" type="SETUP">
<if>
<branch type="IF" condition="$BROWSER == 'chrome'">
<kw name="Evaluate" library="BuiltIn">
<var>${options}</var>
<arg>sys.modules['selenium.webdriver'].ChromeOptions()</arg>
<arg>sys</arg>
<doc>Evaluates the given expression in Python and returns the result.</doc>
<status status="NOT RUN" starttime="20241116 15:51:52.808" endtime="20241116 15:51:52.808"/>
</kw>
<status status="NOT RUN" starttime="20241116 15:51:52.808" endtime="20241116 15:51:52.809"/>
</branch>
<branch type="ELSE IF" condition="$BROWSER == 'firefox'">
<kw name="Evaluate" library="BuiltIn">
<var>${options}</var>
<arg>sys.modules['selenium.webdriver'].FirefoxOptions()</arg>
<arg>sys</arg>
<doc>Evaluates the given expression in Python and returns the result.</doc>
<msg timestamp="20241116 15:51:52.809" level="INFO">${options} = &lt;selenium.webdriver.firefox.options.Options object at 0x1068ea6c0&gt;</msg>
<status status="PASS" starttime="20241116 15:51:52.809" endtime="20241116 15:51:52.809"/>
</kw>
<status status="PASS" starttime="20241116 15:51:52.809" endtime="20241116 15:51:52.809"/>
</branch>
<status status="PASS" starttime="20241116 15:51:52.808" endtime="20241116 15:51:52.809"/>
</if>
<if>
<branch type="IF" condition="$HEADLESS == 'true'">
<kw name="Set Selenium Speed" library="SeleniumLibrary">
<arg>0</arg>
<doc>Sets the delay that is waited after each Selenium command.</doc>
<status status="NOT RUN" starttime="20241116 15:51:52.809" endtime="20241116 15:51:52.809"/>
</kw>
<kw name="Call Method" library="BuiltIn">
<arg>${options}</arg>
<arg>add_argument</arg>
<arg>--headless</arg>
<doc>Calls the named method of the given object with the provided arguments.</doc>
<status status="NOT RUN" starttime="20241116 15:51:52.809" endtime="20241116 15:51:52.809"/>
</kw>
<status status="NOT RUN" starttime="20241116 15:51:52.809" endtime="20241116 15:51:52.809"/>
</branch>
<branch type="ELSE">
<kw name="Set Selenium Speed" library="SeleniumLibrary">
<arg>${DELAY}</arg>
<doc>Sets the delay that is waited after each Selenium command.</doc>
<status status="PASS" starttime="20241116 15:51:52.809" endtime="20241116 15:51:52.809"/>
</kw>
<status status="PASS" starttime="20241116 15:51:52.809" endtime="20241116 15:51:52.809"/>
</branch>
<status status="PASS" starttime="20241116 15:51:52.809" endtime="20241116 15:51:52.809"/>
</if>
<kw name="Open Browser" library="SeleniumLibrary">
<arg>browser=${BROWSER}</arg>
<arg>options=${options}</arg>
<doc>Opens a new browser instance to the optional ``url``.</doc>
<msg timestamp="20241116 15:51:52.810" level="INFO">Opening browser 'firefox' to base url 'None'.</msg>
<status status="PASS" starttime="20241116 15:51:52.809" endtime="20241116 15:51:54.151"/>
</kw>
<status status="PASS" starttime="20241116 15:51:52.808" endtime="20241116 15:51:54.151"/>
</kw>
<test id="s1-s2-t1" name="Login With Correct Credentials" line="8">
<kw name="Reset Application Create User And Go To Login Page" type="SETUP">
<kw name="Reset Application" library="AppLibrary">
<status status="PASS" starttime="20241116 15:51:54.151" endtime="20241116 15:51:54.163"/>
</kw>
<kw name="Create User" library="AppLibrary">
<arg>kalle</arg>
<arg>kalle123</arg>
<status status="PASS" starttime="20241116 15:51:54.163" endtime="20241116 15:51:54.167"/>
</kw>
<kw name="Go To Login Page" library="resource">
<kw name="Go To" library="SeleniumLibrary">
<arg>${LOGIN_URL}</arg>
<doc>Navigates the current browser window to the provided ``url``.</doc>
<msg timestamp="20241116 15:51:54.167" level="INFO">Opening url 'http://localhost:5001/login'</msg>
<status status="PASS" starttime="20241116 15:51:54.167" endtime="20241116 15:51:54.797"/>
</kw>
<status status="PASS" starttime="20241116 15:51:54.167" endtime="20241116 15:51:54.797"/>
</kw>
<status status="PASS" starttime="20241116 15:51:54.151" endtime="20241116 15:51:54.797"/>
</kw>
<kw name="Set Username">
<arg>kalle</arg>
<kw name="Input Text" library="SeleniumLibrary">
<arg>username</arg>
<arg>${username}</arg>
<doc>Types the given ``text`` into the text field identified by ``locator``.</doc>
<msg timestamp="20241116 15:51:54.798" level="INFO">Typing text 'kalle' into text field 'username'.</msg>
<status status="PASS" starttime="20241116 15:51:54.797" endtime="20241116 15:51:56.378"/>
</kw>
<status status="PASS" starttime="20241116 15:51:54.797" endtime="20241116 15:51:56.378"/>
</kw>
<kw name="Set Password">
<arg>kalle123</arg>
<kw name="Input Password" library="SeleniumLibrary">
<arg>password</arg>
<arg>${password}</arg>
<doc>Types the given password into the text field identified by ``locator``.</doc>
<msg timestamp="20241116 15:51:56.384" level="INFO">Typing password into text field 'password'.</msg>
<msg timestamp="20241116 15:51:57.406" level="INFO">Temporally setting log level to: NONE</msg>
<msg timestamp="20241116 15:51:57.931" level="INFO">Log level changed from NONE to INFO.</msg>
<status status="PASS" starttime="20241116 15:51:56.383" endtime="20241116 15:51:57.931"/>
</kw>
<status status="PASS" starttime="20241116 15:51:56.382" endtime="20241116 15:51:57.931"/>
</kw>
<kw name="Submit Credentials">
<kw name="Click Button" library="SeleniumLibrary">
<arg>Login</arg>
<doc>Clicks the button identified by ``locator``.</doc>
<msg timestamp="20241116 15:51:57.932" level="INFO">Clicking button 'Login'.</msg>
<status status="PASS" starttime="20241116 15:51:57.931" endtime="20241116 15:52:00.002"/>
</kw>
<status status="PASS" starttime="20241116 15:51:57.931" endtime="20241116 15:52:00.002"/>
</kw>
<kw name="Login Should Succeed">
<kw name="Main Page Should Be Open" library="resource">
<kw name="Title Should Be" library="SeleniumLibrary">
<arg>Ohtu Application main page</arg>
<doc>Verifies that the current page title equals ``title``.</doc>
<msg timestamp="20241116 15:52:00.512" level="INFO">Page title is 'Ohtu Application main page'.</msg>
<status status="PASS" starttime="20241116 15:52:00.003" endtime="20241116 15:52:00.517"/>
</kw>
<status status="PASS" starttime="20241116 15:52:00.003" endtime="20241116 15:52:00.517"/>
</kw>
<status status="PASS" starttime="20241116 15:52:00.002" endtime="20241116 15:52:00.517"/>
</kw>
<status status="PASS" starttime="20241116 15:51:54.151" endtime="20241116 15:52:00.517"/>
</test>
<test id="s1-s2-t2" name="Login With Incorrect Password" line="14">
<kw name="Reset Application Create User And Go To Login Page" type="SETUP">
<kw name="Reset Application" library="AppLibrary">
<status status="PASS" starttime="20241116 15:52:00.519" endtime="20241116 15:52:00.528"/>
</kw>
<kw name="Create User" library="AppLibrary">
<arg>kalle</arg>
<arg>kalle123</arg>
<status status="PASS" starttime="20241116 15:52:00.528" endtime="20241116 15:52:00.534"/>
</kw>
<kw name="Go To Login Page" library="resource">
<kw name="Go To" library="SeleniumLibrary">
<arg>${LOGIN_URL}</arg>
<doc>Navigates the current browser window to the provided ``url``.</doc>
<msg timestamp="20241116 15:52:00.535" level="INFO">Opening url 'http://localhost:5001/login'</msg>
<status status="PASS" starttime="20241116 15:52:00.535" endtime="20241116 15:52:01.063"/>
</kw>
<status status="PASS" starttime="20241116 15:52:00.534" endtime="20241116 15:52:01.063"/>
</kw>
<status status="PASS" starttime="20241116 15:52:00.518" endtime="20241116 15:52:01.063"/>
</kw>
<kw name="Set Username">
<arg>kalle</arg>
<kw name="Input Text" library="SeleniumLibrary">
<arg>username</arg>
<arg>${username}</arg>
<doc>Types the given ``text`` into the text field identified by ``locator``.</doc>
<msg timestamp="20241116 15:52:01.064" level="INFO">Typing text 'kalle' into text field 'username'.</msg>
<status status="PASS" starttime="20241116 15:52:01.063" endtime="20241116 15:52:02.622"/>
</kw>
<status status="PASS" starttime="20241116 15:52:01.063" endtime="20241116 15:52:02.622"/>
</kw>
<kw name="Set Password">
<arg>kalle456</arg>
<kw name="Input Password" library="SeleniumLibrary">
<arg>password</arg>
<arg>${password}</arg>
<doc>Types the given password into the text field identified by ``locator``.</doc>
<msg timestamp="20241116 15:52:02.624" level="INFO">Typing password into text field 'password'.</msg>
<msg timestamp="20241116 15:52:03.643" level="INFO">Temporally setting log level to: NONE</msg>
<msg timestamp="20241116 15:52:04.170" level="INFO">Log level changed from NONE to INFO.</msg>
<status status="PASS" starttime="20241116 15:52:02.623" endtime="20241116 15:52:04.170"/>
</kw>
<status status="PASS" starttime="20241116 15:52:02.623" endtime="20241116 15:52:04.170"/>
</kw>
<kw name="Submit Credentials">
<kw name="Click Button" library="SeleniumLibrary">
<arg>Login</arg>
<doc>Clicks the button identified by ``locator``.</doc>
<msg timestamp="20241116 15:52:04.171" level="INFO">Clicking button 'Login'.</msg>
<status status="PASS" starttime="20241116 15:52:04.170" endtime="20241116 15:52:06.232"/>
</kw>
<status status="PASS" starttime="20241116 15:52:04.170" endtime="20241116 15:52:06.232"/>
</kw>
<kw name="Login Should Fail With Message">
<arg>Invalid username or password</arg>
<kw name="Login Page Should Be Open" library="resource">
<kw name="Title Should Be" library="SeleniumLibrary">
<arg>Login</arg>
<doc>Verifies that the current page title equals ``title``.</doc>
<msg timestamp="20241116 15:52:06.739" level="INFO">Page title is 'Login'.</msg>
<status status="PASS" starttime="20241116 15:52:06.233" endtime="20241116 15:52:06.739"/>
</kw>
<status status="PASS" starttime="20241116 15:52:06.233" endtime="20241116 15:52:06.739"/>
</kw>
<kw name="Page Should Contain" library="SeleniumLibrary">
<arg>${message}</arg>
<doc>Verifies that current page contains ``text``.</doc>
<msg timestamp="20241116 15:52:07.760" level="INFO">Current page contains text 'Invalid username or password'.</msg>
<status status="PASS" starttime="20241116 15:52:06.739" endtime="20241116 15:52:07.761"/>
</kw>
<status status="PASS" starttime="20241116 15:52:06.232" endtime="20241116 15:52:07.762"/>
</kw>
<status status="PASS" starttime="20241116 15:52:00.518" endtime="20241116 15:52:07.762"/>
</test>
<kw name="Close Browser" library="SeleniumLibrary" type="TEARDOWN">
<doc>Closes the current browser.</doc>
<status status="PASS" starttime="20241116 15:52:07.765" endtime="20241116 15:52:08.684"/>
</kw>
<status status="PASS" starttime="20241116 15:51:52.806" endtime="20241116 15:52:08.684"/>
</suite>
<status status="PASS" starttime="20241116 15:51:45.193" endtime="20241116 15:52:08.686"/>
</suite>
<statistics>
<total>
<stat pass="4" fail="0" skip="0">All Tests</stat>
</total>
<tag>
</tag>
<suite>
<stat pass="4" fail="0" skip="0" id="s1" name="Tests">Tests</stat>
<stat pass="2" fail="0" skip="0" id="s1-s1" name="Home">Tests.Home</stat>
<stat pass="2" fail="0" skip="0" id="s1-s2" name="Login">Tests.Login</stat>
</suite>
</statistics>
<errors>
</errors>
</robot>
